<?xml version="1.0" encoding="UTF-8"?>
<!-- Generated by org.testng.reporters.JUnitReportReporter -->
<testsuite hostname="DESKTOP-OTFII76" failures="0" tests="1" name="com.test.Testcase" time="0.122" errors="0" timestamp="2024-05-09T17:21:52 IST" skipped="0">
  <testcase classname="com.test.Testcase" name="page" time="0.122"/>
</testsuite> <!-- com.test.Testcase -->
